Using pre-set license
Built from '2021.3/staging' branch; Version is '2021.3.14f1 (eee1884e7226) revision 15655304'; Using compiler version '192829333'; Build Type 'Release'
OS: 'Windows 11  (10.0.22621) 64bit Core' Language: 'tr' Physical Memory: 32492 MB
BatchMode: 1, IsHumanControllingUs: 0, StartBugReporterOnCrash: 0, Is64bit: 1, IsPro: 1

COMMAND LINE ARGUMENTS:
C:\Program Files\Unity 2021.3.14f1\Editor\Unity.exe
-adb2
-batchMode
-noUpm
-name
AssetImportWorker4
-projectPath
C:/Users/Suay/Documents/GitHub/Rocket-Game/Runner OOP
-logFile
Logs/AssetImportWorker4.log
-srvPort
59746
Successfully changed project path to: C:/Users/Suay/Documents/GitHub/Rocket-Game/Runner OOP
C:/Users/Suay/Documents/GitHub/Rocket-Game/Runner OOP
[UnityMemory] Configuration Parameters - Can be set up in boot.config
    "memorysetup-bucket-allocator-granularity=16"
    "memorysetup-bucket-allocator-bucket-count=8"
    "memorysetup-bucket-allocator-block-size=33554432"
    "memorysetup-bucket-allocator-block-count=8"
    "memorysetup-main-allocator-block-size=16777216"
    "memorysetup-thread-allocator-block-size=16777216"
    "memorysetup-gfx-main-allocator-block-size=16777216"
    "memorysetup-gfx-thread-allocator-block-size=16777216"
    "memorysetup-cache-allocator-block-size=4194304"
    "memorysetup-typetree-allocator-block-size=2097152"
    "memorysetup-profiler-bucket-allocator-granularity=16"
    "memorysetup-profiler-bucket-allocator-bucket-count=8"
    "memorysetup-profiler-bucket-allocator-block-size=33554432"
    "memorysetup-profiler-bucket-allocator-block-count=8"
    "memorysetup-profiler-allocator-block-size=16777216"
    "memorysetup-profiler-editor-allocator-block-size=1048576"
    "memorysetup-temp-allocator-size-main=16777216"
    "memorysetup-job-temp-allocator-block-size=2097152"
    "memorysetup-job-temp-allocator-block-size-background=1048576"
    "memorysetup-job-temp-allocator-reduction-small-platforms=262144"
    "memorysetup-temp-allocator-size-background-worker=32768"
    "memorysetup-temp-allocator-size-job-worker=262144"
    "memorysetup-temp-allocator-size-preload-manager=33554432"
    "memorysetup-temp-allocator-size-nav-mesh-worker=65536"
    "memorysetup-temp-allocator-size-audio-worker=65536"
    "memorysetup-temp-allocator-size-cloud-worker=32768"
    "memorysetup-temp-allocator-size-gi-baking-worker=262144"
    "memorysetup-temp-allocator-size-gfx=262144"
Refreshing native plugins compatible for Editor in 58.72 ms, found 3 plugins.
Preloading 0 native plugins for Editor in 0.00 ms.
Initialize engine version: 2021.3.14f1 (eee1884e7226)
[Subsystems] Discovering subsystems at path C:/Program Files/Unity 2021.3.14f1/Editor/Data/Resources/UnitySubsystems
[Subsystems] Discovering subsystems at path C:/Users/Suay/Documents/GitHub/Rocket-Game/Runner OOP/Assets
GfxDevice: creating device client; threaded=0; jobified=0
Direct3D:
    Version:  Direct3D 11.0 [level 11.1]
    Renderer: NVIDIA GeForce RTX 3070 Ti Laptop GPU (ID=0x24e0)
    Vendor:   NVIDIA
    VRAM:     8032 MB
    Driver:   31.0.15.2824
Initialize mono
Mono path[0] = 'C:/Program Files/Unity 2021.3.14f1/Editor/Data/Managed'
Mono path[1] = 'C:/Program Files/Unity 2021.3.14f1/Editor/Data/MonoBleedingEdge/lib/mono/unityjit-win32'
Mono config path = 'C:/Program Files/Unity 2021.3.14f1/Editor/Data/MonoBleedingEdge/etc'
Using monoOptions --debugger-agent=transport=dt_socket,embedding=1,server=y,suspend=n,address=127.0.0.1:56400
Begin MonoManager ReloadAssembly
Registering precompiled unity dll's ...
Register platform support module: C:/Program Files/Unity 2021.3.14f1/Editor/Data/PlaybackEngines/AndroidPlayer/UnityEditor.Android.Extensions.dll
Register platform support module: C:/Program Files/Unity 2021.3.14f1/Editor/Data/PlaybackEngines/WindowsStandaloneSupport/UnityEditor.WindowsStandalone.Extensions.dll
Registered in 0.002371 seconds.
Native extension for WindowsStandalone target not found
Native extension for Android target not found
Refreshing native plugins compatible for Editor in 58.07 ms, found 3 plugins.
Preloading 0 native plugins for Editor in 0.00 ms.
Mono: successfully reloaded assembly
- Completed reload, in  0.443 seconds
Domain Reload Profiling:
	ReloadAssembly (443ms)
		BeginReloadAssembly (48ms)
			ExecutionOrderSort (0ms)
			DisableScriptedObjects (0ms)
			BackupInstance (0ms)
			ReleaseScriptingObjects (0ms)
			CreateAndSetChildDomain (1ms)
		EndReloadAssembly (324ms)
			LoadAssemblies (47ms)
			RebuildTransferFunctionScriptingTraits (0ms)
			SetupTypeCache (76ms)
			ReleaseScriptCaches (0ms)
			RebuildScriptCaches (19ms)
			SetupLoadedEditorAssemblies (193ms)
				LogAssemblyErrors (0ms)
				InitializePlatformSupportModulesInManaged (30ms)
				SetLoadedEditorAssemblies (0ms)
				RefreshPlugins (58ms)
				BeforeProcessingInitializeOnLoad (1ms)
				ProcessInitializeOnLoadAttributes (68ms)
				ProcessInitializeOnLoadMethodAttributes (36ms)
				AfterProcessingInitializeOnLoad (0ms)
				EditorAssembliesLoaded (0ms)
			ExecutionOrderSort2 (0ms)
			AwakeInstancesAfterBackupRestoration (0ms)
Platform modules already initialized, skipping
Registering precompiled user dll's ...
Registered in 0.004257 seconds.
Begin MonoManager ReloadAssembly
Native extension for WindowsStandalone target not found
Native extension for Android target not found
Refreshing native plugins compatible for Editor in 67.32 ms, found 3 plugins.
Preloading 0 native plugins for Editor in 0.00 ms.
Mono: successfully reloaded assembly
- Completed reload, in  0.965 seconds
Domain Reload Profiling:
	ReloadAssembly (966ms)
		BeginReloadAssembly (71ms)
			ExecutionOrderSort (0ms)
			DisableScriptedObjects (4ms)
			BackupInstance (0ms)
			ReleaseScriptingObjects (0ms)
			CreateAndSetChildDomain (14ms)
		EndReloadAssembly (811ms)
			LoadAssemblies (51ms)
			RebuildTransferFunctionScriptingTraits (0ms)
			SetupTypeCache (251ms)
			ReleaseScriptCaches (0ms)
			RebuildScriptCaches (49ms)
			SetupLoadedEditorAssemblies (394ms)
				LogAssemblyErrors (0ms)
				InitializePlatformSupportModulesInManaged (9ms)
				SetLoadedEditorAssemblies (0ms)
				RefreshPlugins (67ms)
				BeforeProcessingInitializeOnLoad (67ms)
				ProcessInitializeOnLoadAttributes (229ms)
				ProcessInitializeOnLoadMethodAttributes (17ms)
				AfterProcessingInitializeOnLoad (4ms)
				EditorAssembliesLoaded (0ms)
			ExecutionOrderSort2 (0ms)
			AwakeInstancesAfterBackupRestoration (5ms)
Platform modules already initialized, skipping
========================================================================
Worker process is ready to serve import requests
Launched and connected shader compiler UnityShaderCompiler.exe after 0.04 seconds
Refreshing native plugins compatible for Editor in 0.83 ms, found 3 plugins.
Preloading 0 native plugins for Editor in 0.00 ms.
Unloading 3828 Unused Serialized files (Serialized files now loaded: 0)
Unloading 42 unused Assets / (1.3 MB). Loaded Objects now: 4276.
Memory consumption went from 141.9 MB to 140.6 MB.
Total: 4.567700 ms (FindLiveObjects: 0.324800 ms CreateObjectMapping: 0.253900 ms MarkObjects: 3.452600 ms  DeleteObjects: 0.535100 ms)

AssetImportParameters requested are different than current active one (requested -> active):
  custom:video-decoder-ogg-theora: a1e56fd34408186e4bbccfd4996cb3dc -> 
  custom:container-muxer-webm: aa71ff27fc2769a1b78a27578f13a17b -> 
  custom:container-demuxer-webm: 4f35f7cbe854078d1ac9338744f61a02 -> 
  custom:video-encoder-webm-vp8: eb34c28f22e8b96e1ab97ce403110664 -> 
  custom:video-codec-MediaFoundation-h265: 746d11721c4dcdbdad8f713fa42b33f4 -> 
  custom:audio-encoder-webm-vorbis: bf7c407c2cedff20999df2af8eb42d56 -> 
  custom:framework-win-MediaFoundation: 216162199b28c13a410421893ffa2e32 -> 
  custom:container-demuxer-ogg: 62fdf1f143b41e24485cea50d1cbac27 -> 
  custom:video-decoder-webm-vp8: 9c59270c3fd7afecdb556c50c9e8de78 -> 
  custom:audio-decoder-ogg-vorbis: bf7c407c2cedff20999df2af8eb42d56 -> 
========================================================================
Received Import Request.
  Time since last request: 493059.487122 seconds.
  path: Assets/AssetFolders/YughuesFreeMetalMaterials/Materials/M_YFMM_24.mat
  artifactKey: Guid(af089ba3f236b004fb2bb64119f294d8) Importer(815301076,1909f56bfc062723c751e8b465ee728b)
Start importing Assets/AssetFolders/YughuesFreeMetalMaterials/Materials/M_YFMM_24.mat using Guid(af089ba3f236b004fb2bb64119f294d8) Importer(815301076,1909f56bfc062723c751e8b465ee728b)  -> (artifact id: '351f4b3fd7a0550e9e33269d2d93567d') in 0.399000 seconds 
========================================================================
Received Import Request.
  Time since last request: 0.000035 seconds.
  path: Assets/AssetFolders/YughuesFreeMetalMaterials/Materials/Textures/T_07_Specular.tga
  artifactKey: Guid(b07df3cddf993c54a8a17e64f457b549) Importer(815301076,1909f56bfc062723c751e8b465ee728b)
Start importing Assets/AssetFolders/YughuesFreeMetalMaterials/Materials/Textures/T_07_Specular.tga using Guid(b07df3cddf993c54a8a17e64f457b549) Importer(815301076,1909f56bfc062723c751e8b465ee728b)  -> (artifact id: '6edb0edd5870c4a9e7d3b80f52e45e6e') in 0.025187 seconds 
========================================================================
Received Import Request.
  Time since last request: 0.000022 seconds.
  path: Assets/AssetFolders/YughuesFreeMetalMaterials/Materials/Textures/T_16_Normal.tga
  artifactKey: Guid(ecfcad7bf65ab804786622b7d74a2f95) Importer(815301076,1909f56bfc062723c751e8b465ee728b)
Start importing Assets/AssetFolders/YughuesFreeMetalMaterials/Materials/Textures/T_16_Normal.tga using Guid(ecfcad7bf65ab804786622b7d74a2f95) Importer(815301076,1909f56bfc062723c751e8b465ee728b)  -> (artifact id: '33d9094e752b7447f908887bfdfe6e4f') in 0.018185 seconds 
========================================================================
Received Import Request.
  Time since last request: 0.000023 seconds.
  path: Assets/AssetFolders/YughuesFreeMetalMaterials/Materials/Textures/T_16_Emissive.tga
  artifactKey: Guid(8f9391bcf3b56b4429b45da4c326e808) Importer(815301076,1909f56bfc062723c751e8b465ee728b)
Start importing Assets/AssetFolders/YughuesFreeMetalMaterials/Materials/Textures/T_16_Emissive.tga using Guid(8f9391bcf3b56b4429b45da4c326e808) Importer(815301076,1909f56bfc062723c751e8b465ee728b)  -> (artifact id: '6e6355ca88371e10d22d7b696bbde682') in 0.019744 seconds 
========================================================================
Received Import Request.
  Time since last request: 0.000017 seconds.
  path: Assets/AssetFolders/YughuesFreeMetalMaterials/Materials/Textures/T_03_Normal.tga
  artifactKey: Guid(1f8c6ec62be014641995334990ab7993) Importer(815301076,1909f56bfc062723c751e8b465ee728b)
Start importing Assets/AssetFolders/YughuesFreeMetalMaterials/Materials/Textures/T_03_Normal.tga using Guid(1f8c6ec62be014641995334990ab7993) Importer(815301076,1909f56bfc062723c751e8b465ee728b)  -> (artifact id: '642e54a989214aa2e3ccd1748cc86a0a') in 0.018750 seconds 
========================================================================
Received Import Request.
  Time since last request: 0.000020 seconds.
  path: Assets/AssetFolders/YughuesFreeMetalMaterials/Materials/Textures/T_10_Glow.tga
  artifactKey: Guid(0145160747ee37d48b70a86ba8103d7a) Importer(815301076,1909f56bfc062723c751e8b465ee728b)
Start importing Assets/AssetFolders/YughuesFreeMetalMaterials/Materials/Textures/T_10_Glow.tga using Guid(0145160747ee37d48b70a86ba8103d7a) Importer(815301076,1909f56bfc062723c751e8b465ee728b)  -> (artifact id: '559860040693ba5b19576bf30e92e0c8') in 0.015445 seconds 
========================================================================
Received Import Request.
  Time since last request: 0.000023 seconds.
  path: Assets/AssetFolders/YughuesFreeMetalMaterials/Materials/Textures/T_12_Emissive.tga
  artifactKey: Guid(2d0a4c78ea142244cbf9957397b75d7a) Importer(815301076,1909f56bfc062723c751e8b465ee728b)
Start importing Assets/AssetFolders/YughuesFreeMetalMaterials/Materials/Textures/T_12_Emissive.tga using Guid(2d0a4c78ea142244cbf9957397b75d7a) Importer(815301076,1909f56bfc062723c751e8b465ee728b)  -> (artifact id: '91c6e5e45afe656bca5fb79cdc3728fb') in 0.017323 seconds 
========================================================================
Received Import Request.
  Time since last request: 0.000024 seconds.
  path: Assets/AssetFolders/YughuesFreeMetalMaterials/Materials/Textures/T_09_Normal.tga
  artifactKey: Guid(c56ea16fda03e4a429ea043548e66a62) Importer(815301076,1909f56bfc062723c751e8b465ee728b)
Start importing Assets/AssetFolders/YughuesFreeMetalMaterials/Materials/Textures/T_09_Normal.tga using Guid(c56ea16fda03e4a429ea043548e66a62) Importer(815301076,1909f56bfc062723c751e8b465ee728b)  -> (artifact id: 'c2c4ed951ab5879822699956f77d6a43') in 0.016325 seconds 
========================================================================
Received Import Request.
  Time since last request: 0.000020 seconds.
  path: Assets/AssetFolders/YughuesFreeMetalMaterials/Materials/Textures/T_05_Diffuse.tga
  artifactKey: Guid(51b05ea1455c0f64dbd5387d62de22e1) Importer(815301076,1909f56bfc062723c751e8b465ee728b)
Start importing Assets/AssetFolders/YughuesFreeMetalMaterials/Materials/Textures/T_05_Diffuse.tga using Guid(51b05ea1455c0f64dbd5387d62de22e1) Importer(815301076,1909f56bfc062723c751e8b465ee728b)  -> (artifact id: '9337a962b6e57176cea2ca01c37a0915') in 0.013117 seconds 
========================================================================
Received Import Request.
  Time since last request: 0.000022 seconds.
  path: Assets/AssetFolders/YughuesFreeMetalMaterials/Materials/Textures/T_13_Specular.tga
  artifactKey: Guid(88ea2467daa61a54baba97ff1f4b2625) Importer(815301076,1909f56bfc062723c751e8b465ee728b)
Start importing Assets/AssetFolders/YughuesFreeMetalMaterials/Materials/Textures/T_13_Specular.tga using Guid(88ea2467daa61a54baba97ff1f4b2625) Importer(815301076,1909f56bfc062723c751e8b465ee728b)  -> (artifact id: '5f0198909e05d927c7a7704f50964426') in 0.020422 seconds 
========================================================================
Received Import Request.
  Time since last request: 0.556857 seconds.
  path: Assets/AssetFolders/YughuesFreeMetalMaterials/Materials/Textures/T_17_Specular.tga
  artifactKey: Guid(d1b497fcc74016c4fa7a75ade1959045) Importer(815301076,1909f56bfc062723c751e8b465ee728b)
Start importing Assets/AssetFolders/YughuesFreeMetalMaterials/Materials/Textures/T_17_Specular.tga using Guid(d1b497fcc74016c4fa7a75ade1959045) Importer(815301076,1909f56bfc062723c751e8b465ee728b)  -> (artifact id: 'c787d259139d1785317d776683287158') in 0.016041 seconds 
========================================================================
Received Import Request.
  Time since last request: 0.000016 seconds.
  path: Assets/AssetFolders/YughuesFreeMetalMaterials/Materials/Textures/T_21_Specular.tga
  artifactKey: Guid(c979550daad02764d983ba90e592ad9d) Importer(815301076,1909f56bfc062723c751e8b465ee728b)
Start importing Assets/AssetFolders/YughuesFreeMetalMaterials/Materials/Textures/T_21_Specular.tga using Guid(c979550daad02764d983ba90e592ad9d) Importer(815301076,1909f56bfc062723c751e8b465ee728b)  -> (artifact id: 'db7054f558e5ec2067f2b9f25c0b837f') in 0.016566 seconds 
========================================================================
Received Import Request.
  Time since last request: 0.000017 seconds.
  path: Assets/AssetFolders/YughuesFreeMetalMaterials/Materials/Textures/T_24_Diffuse.tga
  artifactKey: Guid(4bdf8705c42ae7540afc582420d73843) Importer(815301076,1909f56bfc062723c751e8b465ee728b)
Start importing Assets/AssetFolders/YughuesFreeMetalMaterials/Materials/Textures/T_24_Diffuse.tga using Guid(4bdf8705c42ae7540afc582420d73843) Importer(815301076,1909f56bfc062723c751e8b465ee728b)  -> (artifact id: '5b1de6d6d1ac432cb478386afbdc08aa') in 0.013086 seconds 
========================================================================
Received Import Request.
  Time since last request: 0.000023 seconds.
  path: Assets/AssetFolders/YughuesFreeMetalMaterials/Materials/Textures/T_37_Normal.tga
  artifactKey: Guid(99b90d66a3c01c149a95efb7fa1070ab) Importer(815301076,1909f56bfc062723c751e8b465ee728b)
Start importing Assets/AssetFolders/YughuesFreeMetalMaterials/Materials/Textures/T_37_Normal.tga using Guid(99b90d66a3c01c149a95efb7fa1070ab) Importer(815301076,1909f56bfc062723c751e8b465ee728b)  -> (artifact id: 'bfffc28e4307bac1435c9db7812a94f7') in 0.012190 seconds 
========================================================================
Received Import Request.
  Time since last request: 0.000028 seconds.
  path: Assets/AssetFolders/YughuesFreeMetalMaterials/Materials/Textures/T_28_Normal.tga
  artifactKey: Guid(295f3d524574d1c46b83457cc0c64f78) Importer(815301076,1909f56bfc062723c751e8b465ee728b)
Start importing Assets/AssetFolders/YughuesFreeMetalMaterials/Materials/Textures/T_28_Normal.tga using Guid(295f3d524574d1c46b83457cc0c64f78) Importer(815301076,1909f56bfc062723c751e8b465ee728b)  -> (artifact id: 'ed83b5621f0fc68d5d6a2f478c254c08') in 0.014057 seconds 
========================================================================
Received Import Request.
  Time since last request: 0.000016 seconds.
  path: Assets/AssetFolders/YughuesFreeMetalMaterials/Materials/Textures/T_23_Diffuse.tga
  artifactKey: Guid(8413ed1331ead2d45ade40523232bc0f) Importer(815301076,1909f56bfc062723c751e8b465ee728b)
Start importing Assets/AssetFolders/YughuesFreeMetalMaterials/Materials/Textures/T_23_Diffuse.tga using Guid(8413ed1331ead2d45ade40523232bc0f) Importer(815301076,1909f56bfc062723c751e8b465ee728b)  -> (artifact id: '7347ac218d8661dc410899feeba7f60d') in 0.014919 seconds 
========================================================================
Received Import Request.
  Time since last request: 0.000018 seconds.
  path: Assets/AssetFolders/YughuesFreeMetalMaterials/Materials/Textures/T_35_Normal.tga
  artifactKey: Guid(47559ced24a29b9428ba59951a3b02bc) Importer(815301076,1909f56bfc062723c751e8b465ee728b)
Start importing Assets/AssetFolders/YughuesFreeMetalMaterials/Materials/Textures/T_35_Normal.tga using Guid(47559ced24a29b9428ba59951a3b02bc) Importer(815301076,1909f56bfc062723c751e8b465ee728b)  -> (artifact id: '844115b7eda0e4cc2550ae47025d23f6') in 0.016951 seconds 
========================================================================
Received Import Request.
  Time since last request: 0.000019 seconds.
  path: Assets/AssetFolders/YughuesFreeMetalMaterials/Materials/Textures/T_33_Diffuse.tga
  artifactKey: Guid(3616af53dd0659648b71cb468bf03d44) Importer(815301076,1909f56bfc062723c751e8b465ee728b)
Start importing Assets/AssetFolders/YughuesFreeMetalMaterials/Materials/Textures/T_33_Diffuse.tga using Guid(3616af53dd0659648b71cb468bf03d44) Importer(815301076,1909f56bfc062723c751e8b465ee728b)  -> (artifact id: '9fa96d6717e7fe66b01a22a53d84229f') in 0.022714 seconds 
========================================================================
Received Import Request.
  Time since last request: 0.000024 seconds.
  path: Assets/AssetFolders/YughuesFreeMetalMaterials/Materials/Textures/T_41_Normal.tga
  artifactKey: Guid(d9dbacc028e656049949af84c56a4e64) Importer(815301076,1909f56bfc062723c751e8b465ee728b)
Start importing Assets/AssetFolders/YughuesFreeMetalMaterials/Materials/Textures/T_41_Normal.tga using Guid(d9dbacc028e656049949af84c56a4e64) Importer(815301076,1909f56bfc062723c751e8b465ee728b)  -> (artifact id: 'be4f3c5ccaa5c64ae1b15a8cd494087a') in 0.017963 seconds 
========================================================================
Received Import Request.
  Time since last request: 0.000029 seconds.
  path: Assets/AssetFolders/YughuesFreeMetalMaterials/Materials/Textures/T_30_Diffuse.tga
  artifactKey: Guid(6612a81492f80c143801fcb059874cea) Importer(815301076,1909f56bfc062723c751e8b465ee728b)
Start importing Assets/AssetFolders/YughuesFreeMetalMaterials/Materials/Textures/T_30_Diffuse.tga using Guid(6612a81492f80c143801fcb059874cea) Importer(815301076,1909f56bfc062723c751e8b465ee728b)  -> (artifact id: 'c262cb1683b8e85756280c2ae5e027f2') in 0.013342 seconds 
========================================================================
Received Import Request.
  Time since last request: 0.000025 seconds.
  path: Assets/AssetFolders/YughuesFreeMetalMaterials/Materials/Textures/T_20_Specular.tga
  artifactKey: Guid(bb501974d576ad945a07b28c3af045a9) Importer(815301076,1909f56bfc062723c751e8b465ee728b)
Start importing Assets/AssetFolders/YughuesFreeMetalMaterials/Materials/Textures/T_20_Specular.tga using Guid(bb501974d576ad945a07b28c3af045a9) Importer(815301076,1909f56bfc062723c751e8b465ee728b)  -> (artifact id: 'f54cff2bc215c741cb8ff26d96027e37') in 0.018520 seconds 
========================================================================
Received Import Request.
  Time since last request: 0.000019 seconds.
  path: Assets/AssetFolders/YughuesFreeMetalMaterials/Materials/Textures/T_25_Specular.tga
  artifactKey: Guid(bd234f8d2756b7848b2423a3f99231cd) Importer(815301076,1909f56bfc062723c751e8b465ee728b)
Start importing Assets/AssetFolders/YughuesFreeMetalMaterials/Materials/Textures/T_25_Specular.tga using Guid(bd234f8d2756b7848b2423a3f99231cd) Importer(815301076,1909f56bfc062723c751e8b465ee728b)  -> (artifact id: '00286de17b6419a312ea054abdffd1b8') in 0.011913 seconds 
========================================================================
Received Import Request.
  Time since last request: 0.000018 seconds.
  path: Assets/AssetFolders/YughuesFreeMetalMaterials/Materials/Textures/T_31_Normal.tga
  artifactKey: Guid(79a144edbc721134e96d8c6b78287024) Importer(815301076,1909f56bfc062723c751e8b465ee728b)
Start importing Assets/AssetFolders/YughuesFreeMetalMaterials/Materials/Textures/T_31_Normal.tga using Guid(79a144edbc721134e96d8c6b78287024) Importer(815301076,1909f56bfc062723c751e8b465ee728b)  -> (artifact id: 'b5b1a08f8d3214563babb0f9ddc61e88') in 0.012057 seconds 
========================================================================
Received Import Request.
  Time since last request: 0.000021 seconds.
  path: Assets/AssetFolders/YughuesFreeMetalMaterials/Materials/Textures/T_27_Normal.tga
  artifactKey: Guid(32f6012cc48ae0b4899021bb4a03a8da) Importer(815301076,1909f56bfc062723c751e8b465ee728b)
Start importing Assets/AssetFolders/YughuesFreeMetalMaterials/Materials/Textures/T_27_Normal.tga using Guid(32f6012cc48ae0b4899021bb4a03a8da) Importer(815301076,1909f56bfc062723c751e8b465ee728b)  -> (artifact id: '85c730dd31b3ac88ee2b5f1ad38221d5') in 0.014235 seconds 
========================================================================
Received Import Request.
  Time since last request: 0.000016 seconds.
  path: Assets/AssetFolders/YughuesFreeMetalMaterials/Materials/Textures/T_23_Normal.tga
  artifactKey: Guid(1fb10c5603038a24abb2ccad745574c6) Importer(815301076,1909f56bfc062723c751e8b465ee728b)
Start importing Assets/AssetFolders/YughuesFreeMetalMaterials/Materials/Textures/T_23_Normal.tga using Guid(1fb10c5603038a24abb2ccad745574c6) Importer(815301076,1909f56bfc062723c751e8b465ee728b)  -> (artifact id: '2c5013aa93c8b075a1ec5eb2ea7fbd53') in 0.016362 seconds 
========================================================================
Received Import Request.
  Time since last request: 0.000022 seconds.
  path: Assets/AssetFolders/YughuesFreeMetalMaterials/Materials/Textures/T_41_Specular.tga
  artifactKey: Guid(05f26edba3a3bc34d938d1de68119378) Importer(815301076,1909f56bfc062723c751e8b465ee728b)
Start importing Assets/AssetFolders/YughuesFreeMetalMaterials/Materials/Textures/T_41_Specular.tga using Guid(05f26edba3a3bc34d938d1de68119378) Importer(815301076,1909f56bfc062723c751e8b465ee728b)  -> (artifact id: '52117ccddf889c19af0573e09fbc8bfd') in 0.015774 seconds 
========================================================================
Received Import Request.
  Time since last request: 0.016261 seconds.
  path: Assets/AssetFolders/YughuesFreeMetalMaterials/Materials/Textures/T_43_Specular.tga
  artifactKey: Guid(15f2fefe38afc5348b47b4a2e6988bdf) Importer(815301076,1909f56bfc062723c751e8b465ee728b)
Start importing Assets/AssetFolders/YughuesFreeMetalMaterials/Materials/Textures/T_43_Specular.tga using Guid(15f2fefe38afc5348b47b4a2e6988bdf) Importer(815301076,1909f56bfc062723c751e8b465ee728b)  -> (artifact id: '08e9d7ec64c0e9470efb2586aaf71adf') in 0.023843 seconds 
========================================================================
Received Import Request.
  Time since last request: 0.000018 seconds.
  path: Assets/AssetFolders/YughuesFreeMetalMaterials/Materials/Textures/T_49_Normal.tga
  artifactKey: Guid(886470e3c92595d489978d2be0311d41) Importer(815301076,1909f56bfc062723c751e8b465ee728b)
Start importing Assets/AssetFolders/YughuesFreeMetalMaterials/Materials/Textures/T_49_Normal.tga using Guid(886470e3c92595d489978d2be0311d41) Importer(815301076,1909f56bfc062723c751e8b465ee728b)  -> (artifact id: 'f5235baf2d467ffcd3e4609c091be318') in 0.015691 seconds 
========================================================================
Received Import Request.
  Time since last request: 0.000017 seconds.
  path: Assets/AssetFolders/YughuesFreeMetalMaterials/Materials/Textures/T_46_Normal.tga
  artifactKey: Guid(e82e324b05afa3145b3f8ea754cc9cf3) Importer(815301076,1909f56bfc062723c751e8b465ee728b)
Start importing Assets/AssetFolders/YughuesFreeMetalMaterials/Materials/Textures/T_46_Normal.tga using Guid(e82e324b05afa3145b3f8ea754cc9cf3) Importer(815301076,1909f56bfc062723c751e8b465ee728b)  -> (artifact id: 'a38ed0a553b9acb16b2d4775f8af0b8b') in 0.024542 seconds 
========================================================================
Received Import Request.
  Time since last request: 0.000018 seconds.
  path: Assets/AssetFolders/YughuesFreeMetalMaterials/Materials/Textures/T_49_Specular.tga
  artifactKey: Guid(a7d7b7d31df755f4c866a76fa5d1e33e) Importer(815301076,1909f56bfc062723c751e8b465ee728b)
Start importing Assets/AssetFolders/YughuesFreeMetalMaterials/Materials/Textures/T_49_Specular.tga using Guid(a7d7b7d31df755f4c866a76fa5d1e33e) Importer(815301076,1909f56bfc062723c751e8b465ee728b)  -> (artifact id: 'eb631c46e01381f697ed3df79e3fbe46') in 0.011314 seconds 
========================================================================
Received Import Request.
  Time since last request: 39.744281 seconds.
  path: Assets/AssetFolders/SkyBox Volume 2
  artifactKey: Guid(e9fad7f65cb8701418b85b516a267c2b) Importer(815301076,1909f56bfc062723c751e8b465ee728b)
Start importing Assets/AssetFolders/SkyBox Volume 2 using Guid(e9fad7f65cb8701418b85b516a267c2b) Importer(815301076,1909f56bfc062723c751e8b465ee728b)  -> (artifact id: '7219de9768c680fce7456811b5bba0cd') in 0.009815 seconds 
========================================================================
Received Import Request.
  Time since last request: 92.941244 seconds.
  path: Assets/AssetFolders/YughuesFreeMetalMaterials/Demo
  artifactKey: Guid(d6c4ce7a3eb1c604ebf452d7055de8ce) Importer(815301076,1909f56bfc062723c751e8b465ee728b)
Start importing Assets/AssetFolders/YughuesFreeMetalMaterials/Demo using Guid(d6c4ce7a3eb1c604ebf452d7055de8ce) Importer(815301076,1909f56bfc062723c751e8b465ee728b)  -> (artifact id: 'dad1b7b9aca329a79b5179aa3dbf12ad') in 0.009781 seconds 
========================================================================
Received Import Request.
  Time since last request: 251.089003 seconds.
  path: Assets/GameFolders/Prefabs/Floor.prefab
  artifactKey: Guid(52aaf403efbeca9478793115fd11a60b) Importer(815301076,1909f56bfc062723c751e8b465ee728b)
Start importing Assets/GameFolders/Prefabs/Floor.prefab using Guid(52aaf403efbeca9478793115fd11a60b) Importer(815301076,1909f56bfc062723c751e8b465ee728b)  -> (artifact id: 'ddd8912f543289ca08cb3e7e66f3be4b') in 0.015898 seconds 
========================================================================
Received Import Request.
  Time since last request: 16.640976 seconds.
  path: Assets/GameFolders/Prefabs/Floor_1.prefab
  artifactKey: Guid(4bf1c84a293643f4eae47750c4bffd70) Importer(815301076,1909f56bfc062723c751e8b465ee728b)
Start importing Assets/GameFolders/Prefabs/Floor_1.prefab using Guid(4bf1c84a293643f4eae47750c4bffd70) Importer(815301076,1909f56bfc062723c751e8b465ee728b)  -> (artifact id: '4825351b7b446800e20cc40131f5af1c') in 0.011599 seconds 
========================================================================
Received Import Request.
  Time since last request: 142.308291 seconds.
  path: Assets/GameFolders/Prefabs/Floor_1.prefab
  artifactKey: Guid(4bf1c84a293643f4eae47750c4bffd70) Importer(815301076,1909f56bfc062723c751e8b465ee728b)
Start importing Assets/GameFolders/Prefabs/Floor_1.prefab using Guid(4bf1c84a293643f4eae47750c4bffd70) Importer(815301076,1909f56bfc062723c751e8b465ee728b)  -> (artifact id: 'ad6de0ea0d170a879ded82effd624471') in 0.176163 seconds 
========================================================================
Received Import Request.
  Time since last request: 505.442474 seconds.
  path: Assets/AssetFolders/YughuesFreeMetalMaterials/Materials/Materials/T_34_Normal.mat
  artifactKey: Guid(503c5515a0addd446889248f3c17c903) Importer(815301076,1909f56bfc062723c751e8b465ee728b)
Start importing Assets/AssetFolders/YughuesFreeMetalMaterials/Materials/Materials/T_34_Normal.mat using Guid(503c5515a0addd446889248f3c17c903) Importer(815301076,1909f56bfc062723c751e8b465ee728b)  -> (artifact id: '7a487b7f3bbb78fd6fb0a59e17e50578') in 0.143395 seconds 
========================================================================
Received Import Request.
  Time since last request: 0.194642 seconds.
  path: Assets/AssetFolders/YughuesFreeMetalMaterials/Materials/Materials/T_33_Normal.mat
  artifactKey: Guid(b902ab03ed8e90948994d408d0d03261) Importer(815301076,1909f56bfc062723c751e8b465ee728b)
Start importing Assets/AssetFolders/YughuesFreeMetalMaterials/Materials/Materials/T_33_Normal.mat using Guid(b902ab03ed8e90948994d408d0d03261) Importer(815301076,1909f56bfc062723c751e8b465ee728b)  -> (artifact id: 'a21ea9c520202bf3fe56b4b3ea8cdb6b') in 0.016066 seconds 
========================================================================
Received Import Request.
  Time since last request: 0.719441 seconds.
  path: Assets/AssetFolders/YughuesFreeMetalMaterials/Materials/Materials/T_32_Specular.mat
  artifactKey: Guid(a2212539aa22da24687bfa5941991a50) Importer(815301076,1909f56bfc062723c751e8b465ee728b)
Start importing Assets/AssetFolders/YughuesFreeMetalMaterials/Materials/Materials/T_32_Specular.mat using Guid(a2212539aa22da24687bfa5941991a50) Importer(815301076,1909f56bfc062723c751e8b465ee728b)  -> (artifact id: 'f8f6a7ba01a4ceb1be567449a2172180') in 0.021042 seconds 
========================================================================
Received Import Request.
  Time since last request: 1.979269 seconds.
  path: Assets/AssetFolders/YughuesFreeMetalMaterials/Materials/Materials/T_31_Normal.mat
  artifactKey: Guid(af8cea34c5e36ea4098a7b07ddb4bdd9) Importer(815301076,1909f56bfc062723c751e8b465ee728b)
Start importing Assets/AssetFolders/YughuesFreeMetalMaterials/Materials/Materials/T_31_Normal.mat using Guid(af8cea34c5e36ea4098a7b07ddb4bdd9) Importer(815301076,1909f56bfc062723c751e8b465ee728b)  -> (artifact id: '4109e7f80f717bd43bf448a112198bea') in 0.021198 seconds 
========================================================================
Received Import Request.
  Time since last request: 0.040298 seconds.
  path: Assets/AssetFolders/SkyBox Volume 2/Stars01/StarSkyBox.mat
  artifactKey: Guid(b9be0c15efe8ad9489fdeead114d8ec5) Importer(815301076,1909f56bfc062723c751e8b465ee728b)
Start importing Assets/AssetFolders/SkyBox Volume 2/Stars01/StarSkyBox.mat using Guid(b9be0c15efe8ad9489fdeead114d8ec5) Importer(815301076,1909f56bfc062723c751e8b465ee728b)  -> (artifact id: '3ed40493dfe2dcefd920a4b35d8205e5') in 0.131496 seconds 
========================================================================
Received Import Request.
  Time since last request: 4.769273 seconds.
  path: Assets/AssetFolders/SkyBox Volume 2/DeepSpaceBlue/backImage.png
  artifactKey: Guid(d733e8221be901b429039b23c12749c6) Importer(815301076,1909f56bfc062723c751e8b465ee728b)
Start importing Assets/AssetFolders/SkyBox Volume 2/DeepSpaceBlue/backImage.png using Guid(d733e8221be901b429039b23c12749c6) Importer(815301076,1909f56bfc062723c751e8b465ee728b)  -> (artifact id: '68c01dcd5be702c01ffbfe82a80cdf55') in 0.027963 seconds 
========================================================================
Received Import Request.
  Time since last request: 0.028245 seconds.
  path: Assets/AssetFolders/SkyBox Volume 2/DeepSpaceBlue/DSB.mat
  artifactKey: Guid(e980bc7fbb00dc34b86b95ac842d1920) Importer(815301076,1909f56bfc062723c751e8b465ee728b)
Start importing Assets/AssetFolders/SkyBox Volume 2/DeepSpaceBlue/DSB.mat using Guid(e980bc7fbb00dc34b86b95ac842d1920) Importer(815301076,1909f56bfc062723c751e8b465ee728b)  -> (artifact id: '3967f358af6db27610b1f0f63dee9b37') in 0.030557 seconds 
========================================================================
Received Import Request.
  Time since last request: 0.000020 seconds.
  path: Assets/AssetFolders/SkyBox Volume 2/DeepSpaceBlue/rightImage.png
  artifactKey: Guid(9dd9f87fe1ab7744fb7fb7046e3cfbfb) Importer(815301076,1909f56bfc062723c751e8b465ee728b)
Start importing Assets/AssetFolders/SkyBox Volume 2/DeepSpaceBlue/rightImage.png using Guid(9dd9f87fe1ab7744fb7fb7046e3cfbfb) Importer(815301076,1909f56bfc062723c751e8b465ee728b)  -> (artifact id: '1d36d9e43c0852e0f2e25a3859f649b1') in 0.015627 seconds 
========================================================================
Received Import Request.
  Time since last request: 10.583610 seconds.
  path: Assets/AssetFolders/SkyBox Volume 2/DeepSpaceBlueWithPlanet/backImage.png
  artifactKey: Guid(04550512a36deb34887e513ee0f31545) Importer(815301076,1909f56bfc062723c751e8b465ee728b)
Start importing Assets/AssetFolders/SkyBox Volume 2/DeepSpaceBlueWithPlanet/backImage.png using Guid(04550512a36deb34887e513ee0f31545) Importer(815301076,1909f56bfc062723c751e8b465ee728b)  -> (artifact id: 'a443734a39b7eaa9fff0eaac314f7b1d') in 0.033037 seconds 
========================================================================
Received Import Request.
  Time since last request: 0.000019 seconds.
  path: Assets/AssetFolders/SkyBox Volume 2/DeepSpaceBlueWithPlanet/leftImage.png
  artifactKey: Guid(0373ee03f989db143826ef682bb33f93) Importer(815301076,1909f56bfc062723c751e8b465ee728b)
Start importing Assets/AssetFolders/SkyBox Volume 2/DeepSpaceBlueWithPlanet/leftImage.png using Guid(0373ee03f989db143826ef682bb33f93) Importer(815301076,1909f56bfc062723c751e8b465ee728b)  -> (artifact id: '48d4033dca50b80c8ab1fcef5d058508') in 0.024898 seconds 
========================================================================
Received Import Request.
  Time since last request: 2.701187 seconds.
  path: Assets/AssetFolders/SkyBox Volume 2/DeepSpaceGreen/backImage.png
  artifactKey: Guid(968c95c521a144942bcb53ab0dba230e) Importer(815301076,1909f56bfc062723c751e8b465ee728b)
Start importing Assets/AssetFolders/SkyBox Volume 2/DeepSpaceGreen/backImage.png using Guid(968c95c521a144942bcb53ab0dba230e) Importer(815301076,1909f56bfc062723c751e8b465ee728b)  -> (artifact id: 'b4e117f058fae868d21f98160ca8064a') in 0.024672 seconds 
========================================================================
Received Import Request.
  Time since last request: 0.000017 seconds.
  path: Assets/AssetFolders/SkyBox Volume 2/DeepSpaceGreen/upImage.png
  artifactKey: Guid(376b86c8806901b4990daf9dc1615895) Importer(815301076,1909f56bfc062723c751e8b465ee728b)
Start importing Assets/AssetFolders/SkyBox Volume 2/DeepSpaceGreen/upImage.png using Guid(376b86c8806901b4990daf9dc1615895) Importer(815301076,1909f56bfc062723c751e8b465ee728b)  -> (artifact id: '53a682ea2e4aa9376102e097a276624e') in 0.015985 seconds 
Editor requested this worker to shutdown with reason: Scaling down because of idle timeout
AssetImportWorker is now disconnected from the server
Process exiting
Exiting without the bug reporter. Application will terminate with return code 0